<?xml version="1.0" encoding="UTF-8"?>
<testsuites>
  <testsuite name="geom_km" timestamp="2026-06-22T00:48:18Z" hostname="e40df5e87f97" tests="6" skipped="0" failures="0" errors="0" time="0.739">
    <testcase time="0.225" classname="geom_km" name="geom_km_works_as_expected"/>
    <testcase time="0.018" classname="geom_km" name="geom_km_works_as_expected"/>
    <testcase time="0.0710000000000002" classname="geom_km" name="geom_km_works_as_expected"/>
    <testcase time="0.00199999999999978" classname="geom_km" name="geom_km_works_as_expected"/>
    <testcase time="0.19" classname="geom_km" name="geom_km_looks_as_expected_for_a_single_group"/>
    <testcase time="0.233" classname="geom_km" name="geom_km_looks_as_expected_for_two_groups"/>
  </testsuite>
  <testsuite name="geom_km_ticks" timestamp="2026-06-22T00:48:19Z" hostname="e40df5e87f97" tests="6" skipped="0" failures="0" errors="0" time="0.428">
    <testcase time="0.024" classname="geom_km_ticks" name="geom_km_ticks_works_as_expected"/>
    <testcase time="0.00200000000000022" classname="geom_km_ticks" name="geom_km_ticks_works_as_expected"/>
    <testcase time="0.0339999999999998" classname="geom_km_ticks" name="geom_km_ticks_works_as_expected"/>
    <testcase time="0.00200000000000022" classname="geom_km_ticks" name="geom_km_ticks_works_as_expected"/>
    <testcase time="0.112" classname="geom_km_ticks" name="geom_km_ticks_looks_as_expected_for_a_single_group"/>
    <testcase time="0.254" classname="geom_km_ticks" name="geom_km_ticks_looks_as_expected_for_two_groups"/>
  </testsuite>
  <testsuite name="geom_table" timestamp="2026-06-22T00:48:19Z" hostname="e40df5e87f97" tests="4" skipped="0" failures="0" errors="0" time="0.074">
    <testcase time="0.0510000000000002" classname="geom_table" name="geom_table_works_as_expected"/>
    <testcase time="0.00099999999999989" classname="geom_table" name="geom_table_works_as_expected"/>
    <testcase time="0.0210000000000004" classname="geom_table" name="geom_table_npc_works_as_expected"/>
    <testcase time="0.00099999999999989" classname="geom_table" name="geom_table_npc_works_as_expected"/>
  </testsuite>
  <testsuite name="stat_km" timestamp="2026-06-22T00:48:19Z" hostname="e40df5e87f97" tests="4" skipped="0" failures="0" errors="0" time="0.042">
    <testcase time="0.012" classname="stat_km" name="stat_km_works_as_expected"/>
    <testcase time="0.00099999999999989" classname="stat_km" name="stat_km_works_as_expected"/>
    <testcase time="0.028" classname="stat_km" name="stat_km_works_as_expected"/>
    <testcase time="0.00099999999999989" classname="stat_km" name="stat_km_works_as_expected"/>
  </testsuite>
  <testsuite name="stat_km_compute" timestamp="2026-06-22T00:48:19Z" hostname="e40df5e87f97" tests="18" skipped="0" failures="0" errors="0" time="0.094">
    <testcase time="0.0110000000000001" classname="stat_km_compute" name="h_surv_fit_works_as_expected"/>
    <testcase time="0.00099999999999989" classname="stat_km_compute" name="h_surv_fit_works_as_expected"/>
    <testcase time="0.00099999999999989" classname="stat_km_compute" name="h_surv_fit_works_as_expected"/>
    <testcase time="0.00100000000000033" classname="stat_km_compute" name="h_surv_fit_works_as_expected"/>
    <testcase time="0.00099999999999989" classname="stat_km_compute" name="h_surv_fit_works_as_expected"/>
    <testcase time="0.004" classname="stat_km_compute" name="h_surv_fit_works_as_expected"/>
    <testcase time="0.00700000000000012" classname="stat_km_compute" name="h_surv_fit_works_as_expected"/>
    <testcase time="0.00699999999999967" classname="stat_km_compute" name="h_surv_fit_also_works_when_there_is_only_a_single_observation"/>
    <testcase time="0.00300000000000011" classname="stat_km_compute" name="h_surv_fit_also_works_when_there_is_only_a_single_observation"/>
    <testcase time="0.00300000000000011" classname="stat_km_compute" name="h_surv_fit_also_works_when_there_is_only_a_single_observation"/>
    <testcase time="0.00599999999999978" classname="stat_km_compute" name="stat_km_compute_works_as_expected"/>
    <testcase time="0.00100000000000033" classname="stat_km_compute" name="stat_km_compute_works_as_expected"/>
    <testcase time="0.00299999999999967" classname="stat_km_compute" name="stat_km_compute_works_as_expected"/>
    <testcase time="0.0230000000000001" classname="stat_km_compute" name="stat_km_compute_works_as_expected"/>
    <testcase time="0.00600000000000023" classname="stat_km_compute" name="stat_km_ticks_compute_works_as_expected"/>
    <testcase time="0.00199999999999978" classname="stat_km_compute" name="stat_km_ticks_compute_works_as_expected"/>
    <testcase time="0.00200000000000022" classname="stat_km_compute" name="stat_km_ticks_compute_works_as_expected"/>
    <testcase time="0.0119999999999996" classname="stat_km_compute" name="stat_km_ticks_compute_works_as_expected"/>
  </testsuite>
  <testsuite name="stat_km_ticks" timestamp="2026-06-22T00:48:20Z" hostname="e40df5e87f97" tests="4" skipped="0" failures="0" errors="0" time="0.044">
    <testcase time="0.0130000000000003" classname="stat_km_ticks" name="stat_km_ticks_works_as_expected"/>
    <testcase time="0.00099999999999989" classname="stat_km_ticks" name="stat_km_ticks_works_as_expected"/>
    <testcase time="0.0289999999999999" classname="stat_km_ticks" name="stat_km_ticks_works_as_expected"/>
    <testcase time="0.00099999999999989" classname="stat_km_ticks" name="stat_km_ticks_works_as_expected"/>
  </testsuite>
  <testsuite name="stat_n_text" timestamp="2026-06-22T00:48:20Z" hostname="e40df5e87f97" tests="2" skipped="0" failures="0" errors="0" time="0.018">
    <testcase time="0.0170000000000003" classname="stat_n_text" name="stat_n_text_works_as_expected"/>
    <testcase time="0.00099999999999989" classname="stat_n_text" name="stat_n_text_works_as_expected"/>
  </testsuite>
  <testsuite name="stat_prop" timestamp="2026-06-22T00:48:20Z" hostname="e40df5e87f97" tests="2" skipped="0" failures="0" errors="0" time="0.02">
    <testcase time="0.0190000000000001" classname="stat_prop" name="stat_prop_works_as_expected"/>
    <testcase time="0.00099999999999989" classname="stat_prop" name="stat_prop_works_as_expected"/>
  </testsuite>
  <testsuite name="table_themes" timestamp="2026-06-22T00:48:20Z" hostname="e40df5e87f97" tests="1" skipped="0" failures="0" errors="0" time="0.193">
    <testcase time="0.193" classname="table_themes" name="ttheme_set_works_as_expected_but_is_not_baked_into_objects"/>
  </testsuite>
  <testsuite name="ttheme_set" timestamp="2026-06-22T00:48:20Z" hostname="e40df5e87f97" tests="8" skipped="0" failures="0" errors="0" time="1.372">
    <testcase time="0.216" classname="ttheme_set" name="table_themes_can_be_used_and_work"/>
    <testcase time="0.166" classname="ttheme_set" name="table_themes_can_be_used_and_work"/>
    <testcase time="0.164" classname="ttheme_set" name="table_themes_can_be_used_and_work"/>
    <testcase time="0.165" classname="ttheme_set" name="table_themes_can_be_used_and_work"/>
    <testcase time="0.164" classname="ttheme_set" name="table_themes_can_be_used_and_work"/>
    <testcase time="0.164000000000001" classname="ttheme_set" name="table_themes_can_be_used_and_work"/>
    <testcase time="0.164" classname="ttheme_set" name="table_themes_can_be_used_and_work"/>
    <testcase time="0.169" classname="ttheme_set" name="table_themes_can_be_used_and_work"/>
  </testsuite>
</testsuites>
